This file contains any messages produced by compilers while
running configure, to aid debugging if configure makes a mistake.

It was created by blackbox configure 0.70.2cvs, which was
generated by GNU Autoconf 2.73.  Invocation command line was

  $ ./configure --prefix=/home/jxpx/.local/blackbox-hacked

## --------- ##
## Platform. ##
## --------- ##

hostname = archlinux
uname -m = x86_64
uname -r = 6.19.14-arch1-1
uname -s = Linux
uname -v = #1 SMP PREEMPT_DYNAMIC Thu, 23 Apr 2026 06:57:02 +0000

/usr/bin/uname -p = unknown
/bin/uname -X     = unknown

/bin/arch              = unknown
/usr/bin/arch -k       = unknown
/usr/convex/getsysinfo = unknown
/usr/bin/hostinfo      = unknown
/bin/machine           = unknown
/usr/bin/oslevel       = unknown
/bin/universe          = unknown

PATH: /home/jxpx/.bin/
PATH: /home/jxpx/.local/bin/
PATH: /home/jxpx/.bin/YADs/
PATH: /home/jxpx/.bin/Scripts/
PATH: /home/jxpx/.bin/Featured/
PATH: /home/jxpx/.bin/Hardware/
PATH: /home/jxpx/.bin/
PATH: /home/jxpx/.local/bin/
PATH: /home/jxpx/.bin/YADs/
PATH: /home/jxpx/.bin/Scripts/
PATH: /home/jxpx/.bin/Featured/
PATH: /home/jxpx/.bin/Hardware/
PATH: /usr/local/sbin/
PATH: /usr/local/bin/
PATH: /usr/bin/
PATH: /usr/bin/site_perl/
PATH: /usr/bin/vendor_perl/
PATH: /usr/bin/core_perl/
PATH: /opt/plan9/bin/


## ----------- ##
## Core tests. ##
## ----------- ##

configure:2771: looking for aux files: config.guess config.sub ltmain.sh compile missing install-sh
configure:2784:  trying ./
configure:2813:   ./config.guess found
configure:2813:   ./config.sub found
configure:2813:   ./ltmain.sh found
configure:2813:   ./compile found
configure:2813:   ./missing found
configure:2795:   ./install-sh found
configure:2966: checking for a BSD-compatible install
configure:3040: result: /usr/bin/install -c
configure:3051: checking whether sleep supports fractional seconds
configure:3067: result: yes
configure:3070: checking filesystem timestamp resolution
configure:3205: result: 0.01
configure:3210: checking whether build environment is sane
configure:3255: result: yes
configure:3426: checking for a race-free mkdir -p
configure:3469: result: /usr/bin/mkdir -p
configure:3476: checking for gawk
configure:3497: found /usr/bin/gawk
configure:3509: result: gawk
configure:3520: checking whether make sets $(MAKE)
configure:3544: result: yes
configure:3570: checking whether make supports nested variables
configure:3589: result: yes
configure:3603: checking xargs -n works
configure:3619: result: yes
configure:3705: checking whether UID '1000' is supported by ustar format
configure:3711: result: yes
configure:3718: checking whether GID '1000' is supported by ustar format
configure:3724: result: yes
configure:3732: checking how to create a ustar tar archive
configure:3743: tar --version
tar (GNU tar) 1.35
Copyright (C) 2023 Free Software Foundation, Inc.
License GPLv3+: GNU GPL version 3 or later <https://gnu.org/licenses/gpl.html>.
This is free software: you are free to change and redistribute it.
There is NO WARRANTY, to the extent permitted by law.

Written by John Gilmore and Jay Fenlason.
configure:3746: $? = 0
configure:3786: tardir=conftest.dir && eval tar --format=ustar -chf - "$tardir" >conftest.tar
configure:3789: $? = 0
configure:3793: tar -xf - <conftest.tar
configure:3796: $? = 0
configure:3798: cat conftest.dir/file
GrepMe
configure:3801: $? = 0
configure:3816: result: gnutar
configure:3919: checking for gcc
configure:3940: found /usr/bin/gcc
configure:3952: result: gcc
configure:4311: checking for C compiler version
configure:4320: gcc --version >&5
gcc (GCC) 15.2.1 20260209
Copyright (C) 2025 Free Software Foundation, Inc.
This is free software; see the source for copying conditions.  There is NO
warranty; not even for MERCHANTABILITY or FITNESS FOR A PARTICULAR PURPOSE.

configure:4331: $? = 0
configure:4320: gcc -v >&5
Using built-in specs.
COLLECT_GCC=gcc
COLLECT_LTO_WRAPPER=/usr/lib/gcc/x86_64-pc-linux-gnu/15.2.1/lto-wrapper
Target: x86_64-pc-linux-gnu
Configured with: /build/gcc/src/gcc/configure --enable-languages=ada,c,c++,d,fortran,go,lto,m2,objc,obj-c++,rust,cobol --enable-bootstrap --prefix=/usr --libdir=/usr/lib --libexecdir=/usr/lib --mandir=/usr/share/man --infodir=/usr/share/info --with-bugurl=https://gitlab.archlinux.org/archlinux/packaging/packages/gcc/-/issues --with-build-config=bootstrap-lto --with-linker-hash-style=gnu --with-system-zlib --enable-__cxa_atexit --enable-cet=auto --enable-checking=release --enable-clocale=gnu --enable-default-pie --enable-default-ssp --enable-gnu-indirect-function --enable-gnu-unique-object --enable-libstdcxx-backtrace --enable-link-serialization=1 --enable-linker-build-id --enable-lto --enable-multilib --enable-plugin --enable-shared --enable-threads=posix --disable-libssp --disable-libstdcxx-pch --disable-werror
Thread model: posix
Supported LTO compression algorithms: zlib zstd
gcc version 15.2.1 20260209 (GCC) 
configure:4331: $? = 0
configure:4320: gcc -V >&5
gcc: error: unrecognized command-line option '-V'
gcc: fatal error: no input files
compilation terminated.
configure:4331: $? = 1
configure:4320: gcc -qversion >&5
gcc: error: unrecognized command-line option '-qversion'; did you mean '--version'?
gcc: fatal error: no input files
compilation terminated.
configure:4331: $? = 1
configure:4320: gcc -version >&5
gcc: error: unrecognized command-line option '-version'
gcc: fatal error: no input files
compilation terminated.
configure:4331: $? = 1
configure:4351: checking whether the C compiler works
configure:4373: gcc   -I/home/jxpx/.local/blackbox-hacked/include -I/usr/local/include  -L/home/jxpx/.local/blackbox-hacked/lib -L/usr/local/lib conftest.c  >&5
configure:4377: $? = 0
configure:4428: result: yes
configure:4432: checking for C compiler default output file name
configure:4434: result: a.out
configure:4440: checking for suffix of executables
configure:4447: gcc -o conftest   -I/home/jxpx/.local/blackbox-hacked/include -I/usr/local/include  -L/home/jxpx/.local/blackbox-hacked/lib -L/usr/local/lib conftest.c  >&5
configure:4451: $? = 0
configure:4475: result: 
configure:4499: checking whether we are cross compiling
configure:4507: gcc -o conftest   -I/home/jxpx/.local/blackbox-hacked/include -I/usr/local/include  -L/home/jxpx/.local/blackbox-hacked/lib -L/usr/local/lib conftest.c  >&5
configure:4511: $? = 0
configure:4518: ./conftest
configure:4522: $? = 0
configure:4537: result: no
configure:4543: checking for suffix of object files
configure:4566: gcc -c   -I/home/jxpx/.local/blackbox-hacked/include -I/usr/local/include conftest.c >&5
configure:4570: $? = 0
configure:4594: result: o
configure:4598: checking whether the compiler supports GNU C
configure:4618: gcc -c   -I/home/jxpx/.local/blackbox-hacked/include -I/usr/local/include conftest.c >&5
configure:4618: $? = 0
configure:4630: result: yes
configure:4641: checking whether gcc accepts -g
configure:4662: gcc -c -g  -I/home/jxpx/.local/blackbox-hacked/include -I/usr/local/include conftest.c >&5
configure:4662: $? = 0
configure:4709: result: yes
configure:4729: checking for gcc option to enable C23 features
configure:4744: gcc  -c -g -O2  -I/home/jxpx/.local/blackbox-hacked/include -I/usr/local/include conftest.c >&5
configure:4744: $? = 0
configure:4763: result: none needed
configure:4936: checking whether gcc understands -c and -o together
configure:4959: gcc -c conftest.c -o conftest2.o
configure:4962: $? = 0
configure:4959: gcc -c conftest.c -o conftest2.o
configure:4962: $? = 0
configure:4978: result: yes
configure:4998: checking whether make supports the include directive
configure:5013: make -f confmf.GNU && cat confinc.out
this is the am__doit target
configure:5016: $? = 0
configure:5035: result: yes (GNU style)
configure:5061: checking dependency style of gcc
configure:5174: result: gcc3
configure:5195: checking for stdio.h
configure:5195: gcc -c -g -O2  -I/home/jxpx/.local/blackbox-hacked/include -I/usr/local/include conftest.c >&5
configure:5195: $? = 0
configure:5195: result: yes
configure:5195: checking for stdlib.h
configure:5195: gcc -c -g -O2  -I/home/jxpx/.local/blackbox-hacked/include -I/usr/local/include conftest.c >&5
configure:5195: $? = 0
configure:5195: result: yes
configure:5195: checking for string.h
configure:5195: gcc -c -g -O2  -I/home/jxpx/.local/blackbox-hacked/include -I/usr/local/include conftest.c >&5
configure:5195: $? = 0
configure:5195: result: yes
configure:5195: checking for inttypes.h
configure:5195: gcc -c -g -O2  -I/home/jxpx/.local/blackbox-hacked/include -I/usr/local/include conftest.c >&5
configure:5195: $? = 0
configure:5195: result: yes
configure:5195: checking for stdint.h
configure:5195: gcc -c -g -O2  -I/home/jxpx/.local/blackbox-hacked/include -I/usr/local/include conftest.c >&5
configure:5195: $? = 0
configure:5195: result: yes
configure:5195: checking for strings.h
configure:5195: gcc -c -g -O2  -I/home/jxpx/.local/blackbox-hacked/include -I/usr/local/include conftest.c >&5
configure:5195: $? = 0
configure:5195: result: yes
configure:5195: checking for sys/stat.h
configure:5195: gcc -c -g -O2  -I/home/jxpx/.local/blackbox-hacked/include -I/usr/local/include conftest.c >&5
configure:5195: $? = 0
configure:5195: result: yes
configure:5195: checking for sys/types.h
configure:5195: gcc -c -g -O2  -I/home/jxpx/.local/blackbox-hacked/include -I/usr/local/include conftest.c >&5
configure:5195: $? = 0
configure:5195: result: yes
configure:5195: checking for unistd.h
configure:5195: gcc -c -g -O2  -I/home/jxpx/.local/blackbox-hacked/include -I/usr/local/include conftest.c >&5
configure:5195: $? = 0
configure:5195: result: yes
configure:5220: checking for grep that handles long lines and -e
configure:5286: result: /usr/bin/grep
configure:5294: checking for egrep
configure:5364: result: /usr/bin/grep -E
configure:5440: checking for g++
configure:5461: found /usr/bin/g++
configure:5473: result: g++
configure:5500: checking for C++ compiler version
configure:5509: g++ --version >&5
g++ (GCC) 15.2.1 20260209
Copyright (C) 2025 Free Software Foundation, Inc.
This is free software; see the source for copying conditions.  There is NO
warranty; not even for MERCHANTABILITY or FITNESS FOR A PARTICULAR PURPOSE.

configure:5520: $? = 0
configure:5509: g++ -v >&5
Using built-in specs.
COLLECT_GCC=g++
COLLECT_LTO_WRAPPER=/usr/lib/gcc/x86_64-pc-linux-gnu/15.2.1/lto-wrapper
Target: x86_64-pc-linux-gnu
Configured with: /build/gcc/src/gcc/configure --enable-languages=ada,c,c++,d,fortran,go,lto,m2,objc,obj-c++,rust,cobol --enable-bootstrap --prefix=/usr --libdir=/usr/lib --libexecdir=/usr/lib --mandir=/usr/share/man --infodir=/usr/share/info --with-bugurl=https://gitlab.archlinux.org/archlinux/packaging/packages/gcc/-/issues --with-build-config=bootstrap-lto --with-linker-hash-style=gnu --with-system-zlib --enable-__cxa_atexit --enable-cet=auto --enable-checking=release --enable-clocale=gnu --enable-default-pie --enable-default-ssp --enable-gnu-indirect-function --enable-gnu-unique-object --enable-libstdcxx-backtrace --enable-link-serialization=1 --enable-linker-build-id --enable-lto --enable-multilib --enable-plugin --enable-shared --enable-threads=posix --disable-libssp --disable-libstdcxx-pch --disable-werror
Thread model: posix
Supported LTO compression algorithms: zlib zstd
gcc version 15.2.1 20260209 (GCC) 
configure:5520: $? = 0
configure:5509: g++ -V >&5
g++: error: unrecognized command-line option '-V'
g++: fatal error: no input files
compilation terminated.
configure:5520: $? = 1
configure:5509: g++ -qversion >&5
g++: error: unrecognized command-line option '-qversion'; did you mean '--version'?
g++: fatal error: no input files
compilation terminated.
configure:5520: $? = 1
configure:5524: checking whether the compiler supports GNU C++
configure:5544: g++ -c   -I/home/jxpx/.local/blackbox-hacked/include -I/usr/local/include conftest.cpp >&5
configure:5544: $? = 0
configure:5556: result: yes
configure:5567: checking whether g++ accepts -g
configure:5588: g++ -c -g  -I/home/jxpx/.local/blackbox-hacked/include -I/usr/local/include conftest.cpp >&5
configure:5588: $? = 0
configure:5635: result: yes
configure:5660: checking dependency style of g++
configure:5773: result: gcc3
configure:5855: checking build system type
configure:5871: result: x86_64-pc-linux-gnu
configure:5891: checking host system type
configure:5906: result: x86_64-pc-linux-gnu
configure:5947: checking how to print strings
configure:5974: result: printf
configure:5995: checking for a sed that does not truncate output
configure:6067: result: /usr/bin/sed
configure:6085: checking for fgrep
configure:6155: result: /usr/bin/grep -F
configure:6192: checking for ld used by gcc
configure:6261: result: /usr/bin/ld
configure:6268: checking if the linker (/usr/bin/ld) is GNU ld
configure:6285: result: yes
configure:6297: checking for BSD- or MS-compatible name lister (nm)
configure:6353: result: /usr/bin/nm -B
configure:6495: checking the name lister (/usr/bin/nm -B) interface
configure:6503: gcc -c -g -O2  -I/home/jxpx/.local/blackbox-hacked/include -I/usr/local/include conftest.c >&5
configure:6506: /usr/bin/nm -B "conftest.o"
configure:6509: output
0000000000000000 B some_variable
configure:6517: result: BSD nm
configure:6520: checking whether ln -s works
configure:6524: result: yes
configure:6532: checking the maximum length of command line arguments
configure:6665: result: 1572864
configure:6713: checking how to convert x86_64-pc-linux-gnu file names to x86_64-pc-linux-gnu format
configure:6755: result: func_convert_file_noop
configure:6762: checking how to convert x86_64-pc-linux-gnu file names to toolchain format
configure:6784: result: func_convert_file_noop
configure:6862: checking for /usr/bin/ld option to reload object files
configure:6871: result: -r
configure:6904: checking for file
configure:6925: found /usr/bin/file
configure:6938: result: file
configure:7001: checking for objdump
configure:7022: found /usr/bin/objdump
configure:7034: result: objdump
configure:7066: checking how to recognize dependent libraries
configure:7275: result: pass_all
configure:7366: checking for dlltool
configure:7402: result: no
configure:7432: checking how to associate runtime and link libraries
configure:7461: result: printf %s\n
configure:7521: checking for ranlib
configure:7542: found /usr/bin/ranlib
configure:7554: result: ranlib
configure:7631: checking for ar
configure:7652: found /usr/bin/ar
configure:7664: result: ar
configure:7717: checking for archiver @FILE support
configure:7735: gcc -c -g -O2  -I/home/jxpx/.local/blackbox-hacked/include -I/usr/local/include conftest.c >&5
configure:7735: $? = 0
configure:7739: ar cr libconftest.a @conftest.lst >&5
configure:7742: $? = 0
configure:7747: ar cr libconftest.a @conftest.lst >&5
ar: conftest.o: No such file or directory
configure:7750: $? = 1
configure:7763: result: @
configure:7827: checking for strip
configure:7848: found /usr/bin/strip
configure:7860: result: strip
configure:7963: checking command to parse /usr/bin/nm -B output from gcc object
configure:8119: gcc -c -g -O2  -I/home/jxpx/.local/blackbox-hacked/include -I/usr/local/include conftest.c >&5
configure:8122: $? = 0
configure:8126: /usr/bin/nm -B conftest.o | /usr/bin/sed -n -e 's/^.*[	 ]\([ABCDGIRSTW][ABCDGIRSTW]*\)[	 ][	 ]*\([_A-Za-z][_A-Za-z0-9]*\)$/\1 \2 \2/p' | /usr/bin/sed '/ __gnu_lto/d' > conftest.nm
configure:8192: gcc -o conftest -g -O2  -I/home/jxpx/.local/blackbox-hacked/include -I/usr/local/include  -L/home/jxpx/.local/blackbox-hacked/lib -L/usr/local/lib conftest.c conftstm.o >&5
configure:8195: $? = 0
configure:8234: result: ok
configure:8281: checking for sysroot
configure:8315: result: no
configure:8322: checking for a working dd
configure:8367: result: /usr/bin/dd
configure:8371: checking how to truncate binary pipes
configure:8388: result: /usr/bin/dd bs=4096 count=1
configure:8525: gcc -c -g -O2  -I/home/jxpx/.local/blackbox-hacked/include -I/usr/local/include conftest.c >&5
configure:8528: $? = 0
configure:8728: checking for mt
configure:8764: result: no
configure:8784: checking if : is a manifest tool
configure:8791: : '-?'
configure:8800: result: no
configure:9593: checking for dlfcn.h
configure:9593: gcc -c -g -O2  -I/home/jxpx/.local/blackbox-hacked/include -I/usr/local/include conftest.c >&5
configure:9593: $? = 0
configure:9593: result: yes
configure:9858: checking which variant of shared library versioning to provide
configure:9861: result: (default) aix
configure:9929: checking for objdir
configure:9946: result: .libs
configure:10208: checking if gcc supports -fno-rtti -fno-exceptions
configure:10227: gcc -c -g -O2  -I/home/jxpx/.local/blackbox-hacked/include -I/usr/local/include -fno-rtti -fno-exceptions conftest.c >&5
cc1: warning: command-line option '-fno-rtti' is valid for C++/D/ObjC++ but not for C
configure:10231: $? = 0
configure:10245: result: no
configure:10618: checking for gcc option to produce PIC
configure:10627: result: -fPIC -DPIC
configure:10635: checking if gcc PIC flag -fPIC -DPIC works
configure:10654: gcc -c -g -O2  -I/home/jxpx/.local/blackbox-hacked/include -I/usr/local/include -fPIC -DPIC -DPIC conftest.c >&5
configure:10658: $? = 0
configure:10672: result: yes
configure:10701: checking if gcc static flag -static works
configure:10731: result: yes
configure:10746: checking if gcc supports -c -o file.o
configure:10768: gcc -c -g -O2  -I/home/jxpx/.local/blackbox-hacked/include -I/usr/local/include -o out/conftest2.o conftest.c >&5
configure:10772: $? = 0
configure:10795: result: yes
configure:10803: checking if gcc supports -c -o file.o
configure:10852: result: yes
configure:10885: checking whether the gcc linker (/usr/bin/ld -m elf_x86_64) supports shared libraries
configure:12175: result: yes
configure:12417: checking dynamic linker characteristics
configure:13048: gcc -o conftest -g -O2  -I/home/jxpx/.local/blackbox-hacked/include -I/usr/local/include  -L/home/jxpx/.local/blackbox-hacked/lib -L/usr/local/lib -Wl,-rpath -Wl,/foo conftest.c  >&5
configure:13048: $? = 0
configure:13805: result: GNU/Linux ld.so
configure:13927: checking how to hardcode library paths into programs
configure:13952: result: immediate
configure:14552: checking whether stripping libraries is possible
configure:14561: result: yes
configure:14603: checking if libtool supports shared libraries
configure:14605: result: yes
configure:14608: checking whether to build shared libraries
configure:14633: result: no
configure:14636: checking whether to build static libraries
configure:14640: result: yes
configure:14663: checking how to run the C++ preprocessor
configure:14685: g++ -E  -I/home/jxpx/.local/blackbox-hacked/include -I/usr/local/include conftest.cpp
configure:14685: $? = 0
configure:14701: g++ -E  -I/home/jxpx/.local/blackbox-hacked/include -I/usr/local/include conftest.cpp
conftest.cpp:23:10: fatal error: ac_nonexistent.h: No such file or directory
   23 | #include <ac_nonexistent.h>
      |          ^~~~~~~~~~~~~~~~~~
compilation terminated.
configure:14701: $? = 1
configure: failed program was:
| /* confdefs.h */
| #define PACKAGE_NAME "blackbox"
| #define PACKAGE_TARNAME "blackbox"
| #define PACKAGE_VERSION "0.70.2cvs"
| #define PACKAGE_STRING "blackbox 0.70.2cvs"
| #define PACKAGE_BUGREPORT "http://blackboxwm.sourceforge.net"
| #define PACKAGE_URL ""
| #define PACKAGE "blackbox"
| #define VERSION "0.70.2cvs"
| #define HAVE_STDIO_H 1
| #define HAVE_STDLIB_H 1
| #define HAVE_STRING_H 1
| #define HAVE_INTTYPES_H 1
| #define HAVE_STDINT_H 1
| #define HAVE_STRINGS_H 1
| #define HAVE_SYS_STAT_H 1
| #define HAVE_SYS_TYPES_H 1
| #define HAVE_UNISTD_H 1
| #define STDC_HEADERS 1
| #define HAVE_DLFCN_H 1
| #define LT_OBJDIR ".libs/"
| /* end confdefs.h.  */
| #include <ac_nonexistent.h>
configure:14730: result: g++ -E
configure:14744: g++ -E  -I/home/jxpx/.local/blackbox-hacked/include -I/usr/local/include conftest.cpp
configure:14744: $? = 0
configure:14760: g++ -E  -I/home/jxpx/.local/blackbox-hacked/include -I/usr/local/include conftest.cpp
conftest.cpp:23:10: fatal error: ac_nonexistent.h: No such file or directory
   23 | #include <ac_nonexistent.h>
      |          ^~~~~~~~~~~~~~~~~~
compilation terminated.
configure:14760: $? = 1
configure: failed program was:
| /* confdefs.h */
| #define PACKAGE_NAME "blackbox"
| #define PACKAGE_TARNAME "blackbox"
| #define PACKAGE_VERSION "0.70.2cvs"
| #define PACKAGE_STRING "blackbox 0.70.2cvs"
| #define PACKAGE_BUGREPORT "http://blackboxwm.sourceforge.net"
| #define PACKAGE_URL ""
| #define PACKAGE "blackbox"
| #define VERSION "0.70.2cvs"
| #define HAVE_STDIO_H 1
| #define HAVE_STDLIB_H 1
| #define HAVE_STRING_H 1
| #define HAVE_INTTYPES_H 1
| #define HAVE_STDINT_H 1
| #define HAVE_STRINGS_H 1
| #define HAVE_SYS_STAT_H 1
| #define HAVE_SYS_TYPES_H 1
| #define HAVE_UNISTD_H 1
| #define STDC_HEADERS 1
| #define HAVE_DLFCN_H 1
| #define LT_OBJDIR ".libs/"
| /* end confdefs.h.  */
| #include <ac_nonexistent.h>
configure:14928: checking for ld used by g++
configure:14997: result: /usr/bin/ld -m elf_x86_64
configure:15004: checking if the linker (/usr/bin/ld -m elf_x86_64) is GNU ld
configure:15021: result: yes
configure:15075: checking whether the g++ linker (/usr/bin/ld -m elf_x86_64) supports shared libraries
configure:16171: result: yes
configure:16207: g++ -c -g -O2  -I/home/jxpx/.local/blackbox-hacked/include -I/usr/local/include conftest.cpp >&5
configure:16210: $? = 0
configure:16700: checking for g++ option to produce PIC
configure:16709: result: -fPIC -DPIC
configure:16717: checking if g++ PIC flag -fPIC -DPIC works
configure:16736: g++ -c -g -O2  -I/home/jxpx/.local/blackbox-hacked/include -I/usr/local/include -fPIC -DPIC -DPIC conftest.cpp >&5
configure:16740: $? = 0
configure:16754: result: yes
configure:16777: checking if g++ static flag -static works
configure:16807: result: yes
configure:16819: checking if g++ supports -c -o file.o
configure:16841: g++ -c -g -O2  -I/home/jxpx/.local/blackbox-hacked/include -I/usr/local/include -o out/conftest2.o conftest.cpp >&5
configure:16845: $? = 0
configure:16868: result: yes
configure:16873: checking if g++ supports -c -o file.o
configure:16922: result: yes
configure:16952: checking whether the g++ linker (/usr/bin/ld -m elf_x86_64) supports shared libraries
configure:16993: result: yes
configure:17136: checking dynamic linker characteristics
configure:18434: result: GNU/Linux ld.so
configure:18499: checking how to hardcode library paths into programs
configure:18524: result: immediate
configure:18598: checking for sed
configure:18619: found /usr/bin/sed
configure:18631: result: sed
configure:18650: checking for gencat
configure:18671: found /usr/bin/gencat
configure:18683: result: gencat
configure:18731: checking for iconv_open
configure:18731: g++ -o conftest -g -O2  -I/home/jxpx/.local/blackbox-hacked/include -I/usr/local/include  -L/home/jxpx/.local/blackbox-hacked/lib -L/usr/local/lib conftest.cpp  >&5
configure:18731: $? = 0
configure:18731: result: yes
configure:18832: checking for GNU libiconv
configure:18850: g++ -c -g -O2  -I/home/jxpx/.local/blackbox-hacked/include -I/usr/local/include conftest.cpp >&5
conftest.cpp: In function 'int main(int, char**)':
conftest.cpp:33:15: error: invalid conversion from 'const char**' to 'char**' [-fpermissive]
   33 |     iconv(cd, &inp, &inbytes, &outp, &outbytes);
      |               ^~~~
      |               |
      |               const char**
In file included from conftest.cpp:26:
/usr/include/iconv.h:49:54: note: initializing argument 2 of 'size_t iconv(iconv_t, char**, size_t*, char**, size_t*)'
   49 | extern size_t iconv (iconv_t __cd, char **__restrict __inbuf,
      |                                    ~~~~~~~~~~~~~~~~~~^~~~~~~
configure:18850: $? = 1
configure: failed program was:
| /* confdefs.h */
| #define PACKAGE_NAME "blackbox"
| #define PACKAGE_TARNAME "blackbox"
| #define PACKAGE_VERSION "0.70.2cvs"
| #define PACKAGE_STRING "blackbox 0.70.2cvs"
| #define PACKAGE_BUGREPORT "http://blackboxwm.sourceforge.net"
| #define PACKAGE_URL ""
| #define PACKAGE "blackbox"
| #define VERSION "0.70.2cvs"
| #define HAVE_STDIO_H 1
| #define HAVE_STDLIB_H 1
| #define HAVE_STRING_H 1
| #define HAVE_INTTYPES_H 1
| #define HAVE_STDINT_H 1
| #define HAVE_STRINGS_H 1
| #define HAVE_SYS_STAT_H 1
| #define HAVE_SYS_TYPES_H 1
| #define HAVE_UNISTD_H 1
| #define STDC_HEADERS 1
| #define HAVE_DLFCN_H 1
| #define LT_OBJDIR ".libs/"
| #define HAVE_ICONV_OPEN 1
| /* end confdefs.h.  */
| 
| #include <sys/types.h>
| #include <iconv.h>
| 
| int main(int, char **) {
|     iconv_t cd;
|     const char *inp;
|     char *outp;
|     size_t inbytes, outbytes;
|     iconv(cd, &inp, &inbytes, &outp, &outbytes);
|     return 0;
| }
| 
configure:18858: result: no, assuming POSIX compliance
configure:18869: checking for setlocale
configure:18869: g++ -o conftest -g -O2  -I/home/jxpx/.local/blackbox-hacked/include -I/usr/local/include  -L/home/jxpx/.local/blackbox-hacked/lib -L/usr/local/lib conftest.cpp  >&5
configure:18869: $? = 0
configure:18869: result: yes
configure:18926: checking for nl_langinfo
configure:18941: g++ -c -g -O2  -I/home/jxpx/.local/blackbox-hacked/include -I/usr/local/include conftest.cpp >&5
configure:18941: $? = 0
configure:18946: result: yes
configure:18956: checking for t_open in -lnsl
configure:18978: g++ -o conftest -g -O2  -I/home/jxpx/.local/blackbox-hacked/include -I/usr/local/include  -L/home/jxpx/.local/blackbox-hacked/lib -L/usr/local/lib conftest.cpp -lnsl   >&5
/usr/bin/ld: /tmp/ccBMv6RY.o: in function `main':
/home/jxpx/Dropbox/Linux/JXPX/jxpx-Builds-(original)/blackbox-hacked-jxpx-ACTUAL/blackbox-hacked-jxpx-ACTUAL/conftest.cpp:33:(.text.startup+0x1): undefined reference to `t_open'
collect2: error: ld returned 1 exit status
configure:18978: $? = 1
configure: failed program was:
| /* confdefs.h */
| #define PACKAGE_NAME "blackbox"
| #define PACKAGE_TARNAME "blackbox"
| #define PACKAGE_VERSION "0.70.2cvs"
| #define PACKAGE_STRING "blackbox 0.70.2cvs"
| #define PACKAGE_BUGREPORT "http://blackboxwm.sourceforge.net"
| #define PACKAGE_URL ""
| #define PACKAGE "blackbox"
| #define VERSION "0.70.2cvs"
| #define HAVE_STDIO_H 1
| #define HAVE_STDLIB_H 1
| #define HAVE_STRING_H 1
| #define HAVE_INTTYPES_H 1
| #define HAVE_STDINT_H 1
| #define HAVE_STRINGS_H 1
| #define HAVE_SYS_STAT_H 1
| #define HAVE_SYS_TYPES_H 1
| #define HAVE_UNISTD_H 1
| #define STDC_HEADERS 1
| #define HAVE_DLFCN_H 1
| #define LT_OBJDIR ".libs/"
| #define HAVE_ICONV_OPEN 1
| #define HAVE_SETLOCALE 1
| #define HAVE_NL_LANGINFO 1
| /* end confdefs.h.  */
| 
| namespace conftest {
|   extern "C" int t_open ();
| }
| int
| main (void)
| {
| return conftest::t_open ();
|   ;
|   return 0;
| }
configure:18990: result: no
configure:18997: checking for socket in -lsocket
configure:19019: g++ -o conftest -g -O2  -I/home/jxpx/.local/blackbox-hacked/include -I/usr/local/include  -L/home/jxpx/.local/blackbox-hacked/lib -L/usr/local/lib conftest.cpp -lsocket   >&5
/usr/bin/ld: cannot find -lsocket: No such file or directory
collect2: error: ld returned 1 exit status
configure:19019: $? = 1
configure: failed program was:
| /* confdefs.h */
| #define PACKAGE_NAME "blackbox"
| #define PACKAGE_TARNAME "blackbox"
| #define PACKAGE_VERSION "0.70.2cvs"
| #define PACKAGE_STRING "blackbox 0.70.2cvs"
| #define PACKAGE_BUGREPORT "http://blackboxwm.sourceforge.net"
| #define PACKAGE_URL ""
| #define PACKAGE "blackbox"
| #define VERSION "0.70.2cvs"
| #define HAVE_STDIO_H 1
| #define HAVE_STDLIB_H 1
| #define HAVE_STRING_H 1
| #define HAVE_INTTYPES_H 1
| #define HAVE_STDINT_H 1
| #define HAVE_STRINGS_H 1
| #define HAVE_SYS_STAT_H 1
| #define HAVE_SYS_TYPES_H 1
| #define HAVE_UNISTD_H 1
| #define STDC_HEADERS 1
| #define HAVE_DLFCN_H 1
| #define LT_OBJDIR ".libs/"
| #define HAVE_ICONV_OPEN 1
| #define HAVE_SETLOCALE 1
| #define HAVE_NL_LANGINFO 1
| /* end confdefs.h.  */
| 
| namespace conftest {
|   extern "C" int socket ();
| }
| int
| main (void)
| {
| return conftest::socket ();
|   ;
|   return 0;
| }
configure:19031: result: no
configure:19040: checking for X
configure:19078: g++ -o conftest -g -O2  -I/home/jxpx/.local/blackbox-hacked/include -I/usr/local/include  -L/home/jxpx/.local/blackbox-hacked/lib -L/usr/local/lib conftest.cpp -lX11  >&5
configure:19078: $? = 0
configure:19268: result: libraries , headers 
configure:19286: checking for XOpenDisplay in -lX11
configure:19308: g++ -o conftest -g -O2  -I/home/jxpx/.local/blackbox-hacked/include -I/usr/local/include  -L/home/jxpx/.local/blackbox-hacked/lib -L/usr/local/lib conftest.cpp -lX11   >&5
configure:19308: $? = 0
configure:19320: result: yes
configure:19334: checking for X11/Xlib.h
configure:19334: g++ -c -g -O2  -I/home/jxpx/.local/blackbox-hacked/include -I/usr/local/include conftest.cpp >&5
configure:19334: $? = 0
configure:19334: result: yes
configure:19350: checking for X11/Xatom.h
configure:19350: g++ -c -g -O2  -I/home/jxpx/.local/blackbox-hacked/include -I/usr/local/include conftest.cpp >&5
configure:19350: $? = 0
configure:19350: result: yes
configure:19350: checking for X11/Xlocale.h
configure:19350: g++ -c -g -O2  -I/home/jxpx/.local/blackbox-hacked/include -I/usr/local/include conftest.cpp >&5
configure:19350: $? = 0
configure:19350: result: yes
configure:19350: checking for X11/Xresource.h
configure:19350: g++ -c -g -O2  -I/home/jxpx/.local/blackbox-hacked/include -I/usr/local/include conftest.cpp >&5
configure:19350: $? = 0
configure:19350: result: yes
configure:19350: checking for X11/Xutil.h
configure:19350: g++ -c -g -O2  -I/home/jxpx/.local/blackbox-hacked/include -I/usr/local/include conftest.cpp >&5
configure:19350: $? = 0
configure:19350: result: yes
configure:19350: checking for X11/keysym.h
configure:19350: g++ -c -g -O2  -I/home/jxpx/.local/blackbox-hacked/include -I/usr/local/include conftest.cpp >&5
configure:19350: $? = 0
configure:19350: result: yes
configure:19368: checking whether to build support for the SHAPE extension
configure:19379: result: yes
configure:19383: checking for XShapeCombineShape in -lXext
configure:19405: g++ -o conftest -g -O2  -I/home/jxpx/.local/blackbox-hacked/include -I/usr/local/include  -L/home/jxpx/.local/blackbox-hacked/lib -L/usr/local/lib conftest.cpp -lXext   >&5
configure:19405: $? = 0
configure:19417: result: yes
configure:19436: checking for X11/extensions/shape.h
configure:19436: g++ -c -g -O2  -I/home/jxpx/.local/blackbox-hacked/include -I/usr/local/include conftest.cpp >&5
configure:19436: $? = 0
configure:19436: result: yes
configure:19465: checking whether to build support for the MIT-SHM extension
configure:19476: result: yes
configure:19480: checking for XShmPutImage in -lXext
configure:19502: g++ -o conftest -g -O2  -I/home/jxpx/.local/blackbox-hacked/include -I/usr/local/include  -L/home/jxpx/.local/blackbox-hacked/lib -L/usr/local/lib conftest.cpp -lXext   >&5
configure:19502: $? = 0
configure:19514: result: yes
configure:19531: checking for X11/extensions/XShm.h
configure:19531: g++ -c -g -O2  -I/home/jxpx/.local/blackbox-hacked/include -I/usr/local/include conftest.cpp >&5
configure:19531: $? = 0
configure:19531: result: yes
configure:19562: checking whether to build support for Xft
configure:19573: result: yes
configure:19637: checking for pkg-config
configure:19660: found /usr/bin/pkg-config
configure:19673: result: /usr/bin/pkg-config
configure:19698: checking pkg-config is at least version 0.9.0
configure:19701: result: yes
configure:19714: checking for xft >= 2.0.0
configure:19721: $PKG_CONFIG --exists --print-errors "xft >= 2.0.0"
configure:19724: $? = 0
configure:19738: $PKG_CONFIG --exists --print-errors "xft >= 2.0.0"
configure:19741: $? = 0
configure:19781: result: yes
configure:19795: checking whether to include verbose debugging code
configure:19806: result: no
configure:19816: checking whether to include NLS support
configure:19827: result: yes
configure:19838: checking whether to enable maintainer-specific portions of Makefiles
configure:19849: result: no
configure:19938: checking that generated files are newer than configure
configure:19944: result: done
configure:19995: creating ./config.status

## ---------------------- ##
## Running config.status. ##
## ---------------------- ##

This file was extended by blackbox config.status 0.70.2cvs, which was
generated by GNU Autoconf 2.73.  Invocation command line was

  CONFIG_FILES    = 
  CONFIG_HEADERS  = 
  CONFIG_LINKS    = 
  CONFIG_COMMANDS = 
  $ ./config.status 

on archlinux

config.status:1181: creating version.h
config.status:1181: creating Makefile
config.status:1181: creating data/Makefile
config.status:1181: creating data/styles/Makefile
config.status:1181: creating doc/Makefile
config.status:1181: creating doc/fr_FR/Makefile
config.status:1181: creating doc/ja_JP/Makefile
config.status:1181: creating doc/nl_NL/Makefile
config.status:1181: creating doc/sl_SI/Makefile
config.status:1181: creating lib/Makefile
config.status:1181: creating lib/libbt.pc
config.status:1181: creating src/Makefile
config.status:1181: creating util/Makefile
config.status:1181: creating config.h
config.status:1362: config.h is unchanged
config.status:1410: executing depfiles commands
config.status:1485: cd lib       && sed -e '/# am--include-marker/d' Makefile         | make -f - am--depfiles
make: Nothing to be done for 'am--depfiles'.
config.status:1492: $? = 0
config.status:1485: cd src       && sed -e '/# am--include-marker/d' Makefile         | make -f - am--depfiles
make: Nothing to be done for 'am--depfiles'.
config.status:1492: $? = 0
config.status:1485: cd util       && sed -e '/# am--include-marker/d' Makefile         | make -f - am--depfiles
make: Nothing to be done for 'am--depfiles'.
config.status:1492: $? = 0
config.status:1410: executing libtool commands
configure:22430: result: 
configure:22432: result: 	blackbox version 0.70.2cvs configured successfully.
configure:22434: result: 
configure:22436: result: Using '/home/jxpx/.local/blackbox-hacked' for installation.
configure:22438: result: Using 'g++' for C++ compiler.
configure:22440: result: Building with ' -I/home/jxpx/.local/blackbox-hacked/include -I/usr/local/include -g -O2 -I/usr/include/freetype2 -I/usr/include/libpng16' for C++ compiler flags.
configure:22442: result: Building with ' -L/home/jxpx/.local/blackbox-hacked/lib -L/usr/local/lib  -lXext -lX11 -lXft' libraries.
configure:22444: result: 

## ---------------- ##
## Cache variables. ##
## ---------------- ##

ac_cv_build=x86_64-pc-linux-gnu
ac_cv_c_compiler_gnu=yes
ac_cv_cxx_compiler_gnu=yes
ac_cv_env_CCC_set=
ac_cv_env_CCC_value=
ac_cv_env_CC_set=
ac_cv_env_CC_value=
ac_cv_env_CFLAGS_set=
ac_cv_env_CFLAGS_value=
ac_cv_env_CPPFLAGS_set=
ac_cv_env_CPPFLAGS_value=
ac_cv_env_CXXCPP_set=
ac_cv_env_CXXCPP_value=
ac_cv_env_CXXFLAGS_set=
ac_cv_env_CXXFLAGS_value=
ac_cv_env_CXX_set=
ac_cv_env_CXX_value=
ac_cv_env_LDFLAGS_set=
ac_cv_env_LDFLAGS_value=
ac_cv_env_LIBS_set=
ac_cv_env_LIBS_value=
ac_cv_env_LT_SYS_LIBRARY_PATH_set=
ac_cv_env_LT_SYS_LIBRARY_PATH_value=
ac_cv_env_PKG_CONFIG_LIBDIR_set=
ac_cv_env_PKG_CONFIG_LIBDIR_value=
ac_cv_env_PKG_CONFIG_PATH_set=
ac_cv_env_PKG_CONFIG_PATH_value=
ac_cv_env_PKG_CONFIG_set=
ac_cv_env_PKG_CONFIG_value=
ac_cv_env_XMKMF_set=
ac_cv_env_XMKMF_value=
ac_cv_env_build_alias_set=
ac_cv_env_build_alias_value=
ac_cv_env_host_alias_set=
ac_cv_env_host_alias_value=
ac_cv_env_target_alias_set=
ac_cv_env_target_alias_value=
ac_cv_env_xft_CFLAGS_set=
ac_cv_env_xft_CFLAGS_value=
ac_cv_env_xft_LIBS_set=
ac_cv_env_xft_LIBS_value=
ac_cv_func_iconv_open=yes
ac_cv_func_setlocale=yes
ac_cv_have_x='have_x=yes	ac_x_includes='\'''\''	ac_x_libraries='\'''\'''
ac_cv_header_X11_Xatom_h=yes
ac_cv_header_X11_Xlib_h=yes
ac_cv_header_X11_Xlocale_h=yes
ac_cv_header_X11_Xresource_h=yes
ac_cv_header_X11_Xutil_h=yes
ac_cv_header_X11_extensions_XShm_h=yes
ac_cv_header_X11_extensions_shape_h=yes
ac_cv_header_X11_keysym_h=yes
ac_cv_header_dlfcn_h=yes
ac_cv_header_inttypes_h=yes
ac_cv_header_stdint_h=yes
ac_cv_header_stdio_h=yes
ac_cv_header_stdlib_h=yes
ac_cv_header_string_h=yes
ac_cv_header_strings_h=yes
ac_cv_header_sys_stat_h=yes
ac_cv_header_sys_types_h=yes
ac_cv_header_unistd_h=yes
ac_cv_host=x86_64-pc-linux-gnu
ac_cv_lib_X11_XOpenDisplay=yes
ac_cv_lib_Xext_XShapeCombineShape=yes
ac_cv_lib_Xext_XShmPutImage=yes
ac_cv_lib_nsl_t_open=no
ac_cv_lib_socket_socket=no
ac_cv_objext=o
ac_cv_path_EGREP='/usr/bin/grep -E'
ac_cv_path_EGREP_TRADITIONAL='/usr/bin/grep -E'
ac_cv_path_FGREP='/usr/bin/grep -F'
ac_cv_path_GREP=/usr/bin/grep
ac_cv_path_SED=/usr/bin/sed
ac_cv_path_ac_pt_PKG_CONFIG=/usr/bin/pkg-config
ac_cv_path_install='/usr/bin/install -c'
ac_cv_path_lt_DD=/usr/bin/dd
ac_cv_path_mkdir=/usr/bin/mkdir
ac_cv_prog_AWK=gawk
ac_cv_prog_CXXCPP='g++ -E'
ac_cv_prog_FILECMD=file
ac_cv_prog_ac_ct_AR=ar
ac_cv_prog_ac_ct_CC=gcc
ac_cv_prog_ac_ct_CXX=g++
ac_cv_prog_ac_ct_OBJDUMP=objdump
ac_cv_prog_ac_ct_RANLIB=ranlib
ac_cv_prog_ac_ct_STRIP=strip
ac_cv_prog_cc_c23=
ac_cv_prog_cc_g=yes
ac_cv_prog_cc_stdc=
ac_cv_prog_cxx_g=yes
ac_cv_prog_gencat_cmd=gencat
ac_cv_prog_make_make_set=yes
ac_cv_prog_regex_cmd=sed
am_cv_CC_dependencies_compiler_type=gcc3
am_cv_CXX_dependencies_compiler_type=gcc3
am_cv_filesystem_timestamp_resolution=0.01
am_cv_make_support_nested_variables=yes
am_cv_prog_cc_c_o=yes
am_cv_prog_tar_ustar=gnutar
am_cv_sleep_fractional_seconds=yes
am_cv_xargs_n_works=yes
lt_cv_ar_at_file=@
lt_cv_deplibs_check_method=pass_all
lt_cv_file_magic_cmd='$MAGIC_CMD'
lt_cv_file_magic_test_file=
lt_cv_ld_reload_flag=-r
lt_cv_nm_interface='BSD nm'
lt_cv_objdir=.libs
lt_cv_path_LD=/usr/bin/ld
lt_cv_path_LDCXX='/usr/bin/ld -m elf_x86_64'
lt_cv_path_NM='/usr/bin/nm -B'
lt_cv_path_manifest_tool=no
lt_cv_prog_compiler_c_o=yes
lt_cv_prog_compiler_c_o_CXX=yes
lt_cv_prog_compiler_pic='-fPIC -DPIC'
lt_cv_prog_compiler_pic_CXX='-fPIC -DPIC'
lt_cv_prog_compiler_pic_works=yes
lt_cv_prog_compiler_pic_works_CXX=yes
lt_cv_prog_compiler_rtti_exceptions=no
lt_cv_prog_compiler_static_works=yes
lt_cv_prog_compiler_static_works_CXX=yes
lt_cv_prog_gnu_ld=yes
lt_cv_prog_gnu_ldcxx=yes
lt_cv_sharedlib_from_linklib_cmd='printf %s\n'
lt_cv_shlibpath_overrides_runpath=yes
lt_cv_sys_global_symbol_pipe='/usr/bin/sed -n -e '\''s/^.*[	 ]\([ABCDGIRSTW][ABCDGIRSTW]*\)[	 ][	 ]*\([_A-Za-z][_A-Za-z0-9]*\)$/\1 \2 \2/p'\'' | /usr/bin/sed '\''/ __gnu_lto/d'\'''
lt_cv_sys_global_symbol_to_c_name_address='/usr/bin/sed -n -e '\''s/^: \(.*\) .*$/  {"\1", (void *) 0},/p'\'' -e '\''s/^[ABCDGIRSTW][ABCDGIRSTW]* .* \([a-zA-Z_][a-zA-Z0-9_]*\)$/  {"\1", (void *) \&\1},/p'\'''
lt_cv_sys_global_symbol_to_c_name_address_lib_prefix='/usr/bin/sed -n -e '\''s/^: \(.*\) .*$/  {"\1", (void *) 0},/p'\'' -e '\''s/^[ABCDGIRSTW][ABCDGIRSTW]* .* \(lib[a-zA-Z_][a-zA-Z0-9_]*\)$/  {"\1", (void *) \&\1},/p'\'' -e '\''s/^[ABCDGIRSTW][ABCDGIRSTW]* .* \([a-zA-Z_][a-zA-Z0-9_]*\)$/  {"lib\1", (void *) \&\1},/p'\'''
lt_cv_sys_global_symbol_to_cdecl='/usr/bin/sed -n -e '\''s/^T .* \([a-zA-Z_][a-zA-Z0-9_]*\)$/extern int \1();/p'\'' -e '\''s/^[ABCDGIRSTW][ABCDGIRSTW]* .* \([a-zA-Z_][a-zA-Z0-9_]*\)$/extern char \1;/p'\'''
lt_cv_sys_global_symbol_to_import=
lt_cv_sys_max_cmd_len=1572864
lt_cv_to_host_file_cmd=func_convert_file_noop
lt_cv_to_tool_file_cmd=func_convert_file_noop
lt_cv_truncate_bin='/usr/bin/dd bs=4096 count=1'
pkg_cv_xft_CFLAGS='-I/usr/include/freetype2 -I/usr/include/libpng16'
pkg_cv_xft_LIBS=-lXft

## ----------------- ##
## Output variables. ##
## ----------------- ##

ACLOCAL='${SHELL} '\''/home/jxpx/Dropbox/Linux/JXPX/jxpx-Builds-(original)/blackbox-hacked-jxpx-ACTUAL/blackbox-hacked-jxpx-ACTUAL/missing'\'' aclocal-1.18'
AMDEPBACKSLASH='\'
AMDEP_FALSE='#'
AMDEP_TRUE=''
AMTAR='$${TAR-tar}'
AM_BACKSLASH='\'
AM_DEFAULT_V='$(AM_DEFAULT_VERBOSITY)'
AM_DEFAULT_VERBOSITY='1'
AM_V='$(V)'
AR='ar'
AUTOCONF='${SHELL} '\''/home/jxpx/Dropbox/Linux/JXPX/jxpx-Builds-(original)/blackbox-hacked-jxpx-ACTUAL/blackbox-hacked-jxpx-ACTUAL/missing'\'' autoconf'
AUTOHEADER='${SHELL} '\''/home/jxpx/Dropbox/Linux/JXPX/jxpx-Builds-(original)/blackbox-hacked-jxpx-ACTUAL/blackbox-hacked-jxpx-ACTUAL/missing'\'' autoheader'
AUTOMAKE='${SHELL} '\''/home/jxpx/Dropbox/Linux/JXPX/jxpx-Builds-(original)/blackbox-hacked-jxpx-ACTUAL/blackbox-hacked-jxpx-ACTUAL/missing'\'' automake-1.18'
AWK='gawk'
CC='gcc'
CCDEPMODE='depmode=gcc3'
CFLAGS='-g -O2'
CPPFLAGS=' -I/home/jxpx/.local/blackbox-hacked/include -I/usr/local/include'
CSCOPE='cscope'
CTAGS='ctags'
CXX='g++'
CXXCPP='g++ -E'
CXXDEPMODE='depmode=gcc3'
CXXFLAGS='-g -O2 -I/usr/include/freetype2 -I/usr/include/libpng16'
CYGPATH_W='echo'
DEBUG=''
DEFS='-DHAVE_CONFIG_H'
DEPDIR='.deps'
DLLTOOL='false'
DSYMUTIL=''
DUMPBIN=''
ECHO_C=''
ECHO_N='-n'
ECHO_T=''
EGREP='/usr/bin/grep -E'
ETAGS='etags'
EXEEXT=''
FGREP='/usr/bin/grep -F'
FILECMD='file'
GREP='/usr/bin/grep'
ICONV=''
INSTALL_DATA='${INSTALL} -m 644'
INSTALL_PROGRAM='${INSTALL}'
INSTALL_SCRIPT='${INSTALL}'
INSTALL_STRIP_PROGRAM='$(install_sh) -c -s'
LD='/usr/bin/ld -m elf_x86_64'
LDFLAGS=' -L/home/jxpx/.local/blackbox-hacked/lib -L/usr/local/lib'
LIBOBJS=''
LIBS=' -lXext -lX11 -lXft'
LIBTOOL='$(SHELL) $(top_builddir)/libtool'
LIBTOOL_DEPS='.//ltmain.sh'
LIPO=''
LN_S='ln -s'
LOCALE=''
LTLIBOBJS=''
LT_SYS_LIBRARY_PATH=''
MAINT='#'
MAINTAINER_MODE_FALSE=''
MAINTAINER_MODE_TRUE='#'
MAKEINFO='${SHELL} '\''/home/jxpx/Dropbox/Linux/JXPX/jxpx-Builds-(original)/blackbox-hacked-jxpx-ACTUAL/blackbox-hacked-jxpx-ACTUAL/missing'\'' makeinfo'
MANIFEST_TOOL=':'
MITSHM='-DMITSHM'
MKDIR_P='/usr/bin/mkdir -p'
NLS='-DNLS'
NM='/usr/bin/nm -B'
NMEDIT=''
OBJDUMP='objdump'
OBJEXT='o'
OTOOL64=''
OTOOL=''
PACKAGE='blackbox'
PACKAGE_BUGREPORT='http://blackboxwm.sourceforge.net'
PACKAGE_NAME='blackbox'
PACKAGE_STRING='blackbox 0.70.2cvs'
PACKAGE_TARNAME='blackbox'
PACKAGE_URL=''
PACKAGE_VERSION='0.70.2cvs'
PATH_SEPARATOR=':'
PKG_CONFIG='/usr/bin/pkg-config'
PKG_CONFIG_LIBDIR=''
PKG_CONFIG_PATH=''
RANLIB='ranlib'
SED='/usr/bin/sed'
SET_MAKE=''
SHAPE='-DSHAPE'
SHELL='/bin/sh'
STRIP='strip'
VERSION='0.70.2cvs'
XFT='-DXFT'
XFT_PKGCONFIG='xft >= 2.0.0'
XMKMF=''
ac_ct_AR='ar'
ac_ct_CC='gcc'
ac_ct_CXX='g++'
ac_ct_DUMPBIN=''
am__EXEEXT_FALSE=''
am__EXEEXT_TRUE='#'
am__fastdepCC_FALSE='#'
am__fastdepCC_TRUE=''
am__fastdepCXX_FALSE='#'
am__fastdepCXX_TRUE=''
am__include='include'
am__isrc=''
am__leading_dot='.'
am__nodep='_no'
am__quote=''
am__rm_f_notfound=''
am__tar='tar --format=ustar -chf - "$$tardir"'
am__untar='tar -xf -'
am__xargs_n='xargs -n'
bindir='${exec_prefix}/bin'
build='x86_64-pc-linux-gnu'
build_alias=''
build_cpu='x86_64'
build_os='linux-gnu'
build_vendor='pc'
datadir='${datarootdir}'
datarootdir='${prefix}/share'
docdir='${datarootdir}/doc/${PACKAGE_TARNAME}'
dvidir='${docdir}'
exec_prefix='${prefix}'
gencat_cmd='gencat'
host='x86_64-pc-linux-gnu'
host_alias=''
host_cpu='x86_64'
host_os='linux-gnu'
host_vendor='pc'
htmldir='${docdir}'
includedir='${prefix}/include'
infodir='${datarootdir}/info'
install_sh='${SHELL} /home/jxpx/Dropbox/Linux/JXPX/jxpx-Builds-(original)/blackbox-hacked-jxpx-ACTUAL/blackbox-hacked-jxpx-ACTUAL/install-sh'
libdir='${exec_prefix}/lib'
libexecdir='${exec_prefix}/libexec'
localedir='${datarootdir}/locale'
localstatedir='${prefix}/var'
mandir='${datarootdir}/man'
mkdir_p='$(MKDIR_P)'
oldincludedir='/usr/include'
pdfdir='${docdir}'
prefix='/home/jxpx/.local/blackbox-hacked'
program_transform_name='s,x,x,'
psdir='${docdir}'
regex_cmd='sed'
runstatedir='${localstatedir}/run'
sbindir='${exec_prefix}/sbin'
sharedstatedir='${prefix}/com'
sysconfdir='${prefix}/etc'
target_alias=''
xft_CFLAGS='-I/usr/include/freetype2 -I/usr/include/libpng16'
xft_LIBS='-lXft'

## ----------- ##
## confdefs.h. ##
## ----------- ##

/* confdefs.h */
#define PACKAGE_NAME "blackbox"
#define PACKAGE_TARNAME "blackbox"
#define PACKAGE_VERSION "0.70.2cvs"
#define PACKAGE_STRING "blackbox 0.70.2cvs"
#define PACKAGE_BUGREPORT "http://blackboxwm.sourceforge.net"
#define PACKAGE_URL ""
#define PACKAGE "blackbox"
#define VERSION "0.70.2cvs"
#define HAVE_STDIO_H 1
#define HAVE_STDLIB_H 1
#define HAVE_STRING_H 1
#define HAVE_INTTYPES_H 1
#define HAVE_STDINT_H 1
#define HAVE_STRINGS_H 1
#define HAVE_SYS_STAT_H 1
#define HAVE_SYS_TYPES_H 1
#define HAVE_UNISTD_H 1
#define STDC_HEADERS 1
#define HAVE_DLFCN_H 1
#define LT_OBJDIR ".libs/"
#define HAVE_ICONV_OPEN 1
#define HAVE_SETLOCALE 1
#define HAVE_NL_LANGINFO 1
#define HAVE_X11_XLIB_H 1
#define HAVE_X11_XATOM_H 1
#define HAVE_X11_XLOCALE_H 1
#define HAVE_X11_XRESOURCE_H 1
#define HAVE_X11_XUTIL_H 1
#define HAVE_X11_KEYSYM_H 1
#define HAVE_X11_EXTENSIONS_SHAPE_H 1
#define HAVE_X11_EXTENSIONS_XSHM_H 1

configure: exit 
